19/08/22 15:46:59 INFO SparkContext: Running Spark version 2.1.0
19/08/22 15:46:59 WARN NativeCodeLoader: Unable to load native-hadoop library for your platform... using builtin-java classes where applicable
19/08/22 15:46:59 WARN SparkConf: In Spark 1.0 and later spark.local.dir will be overridden by the value set by the cluster manager (via SPARK_LOCAL_DIRS in mesos/standalone and LOCAL_DIRS in YARN).
19/08/22 15:47:00 INFO SecurityManager: Changing view acls to: Dell
19/08/22 15:47:00 INFO SecurityManager: Changing modify acls to: Dell
19/08/22 15:47:00 INFO SecurityManager: Changing view acls groups to: 
19/08/22 15:47:00 INFO SecurityManager: Changing modify acls groups to: 
19/08/22 15:47:00 INFO SecurityManager: SecurityManager: authentication disabled; ui acls disabled; users  with view permissions: Set(Dell); groups with view permissions: Set(); users  with modify permissions: Set(Dell); groups with modify permissions: Set()
19/08/22 15:47:00 INFO Utils: Successfully started service 'sparkDriver' on port 60012.
19/08/22 15:47:00 INFO SparkEnv: Registering MapOutputTracker
19/08/22 15:47:00 INFO SparkEnv: Registering BlockManagerMaster
19/08/22 15:47:00 INFO BlockManagerMasterEndpoint: Using org.apache.spark.storage.DefaultTopologyMapper for getting topology information
19/08/22 15:47:00 INFO BlockManagerMasterEndpoint: BlockManagerMasterEndpoint up
19/08/22 15:47:00 INFO DiskBlockManager: Created local directory at C:\Users\Dell\AppData\Local\spark\spark-2.1.0-bin-hadoop2.7\tmp\local\blockmgr-13520400-e8a1-4827-830e-69071c19296f
19/08/22 15:47:00 INFO MemoryStore: MemoryStore started with capacity 11.1 GB
19/08/22 15:47:00 INFO SparkEnv: Registering OutputCommitCoordinator
19/08/22 15:47:00 INFO Utils: Successfully started service 'SparkUI' on port 4040.
19/08/22 15:47:00 INFO SparkUI: Bound SparkUI to 127.0.0.1, and started at http://127.0.0.1:4040
19/08/22 15:47:01 INFO SparkContext: Added JAR file:/C:/Users/Dell/Documents/R/win-library/3.6/sparklyr/java/sparklyr-2.0-2.11.jar at spark://127.0.0.1:60012/jars/sparklyr-2.0-2.11.jar with timestamp 1566469021056
19/08/22 15:47:01 INFO Executor: Starting executor ID driver on host localhost
19/08/22 15:47:01 INFO Utils: Successfully started service 'org.apache.spark.network.netty.NettyBlockTransferService' on port 60033.
19/08/22 15:47:01 INFO NettyBlockTransferService: Server created on 127.0.0.1:60033
19/08/22 15:47:01 INFO BlockManager: Using org.apache.spark.storage.RandomBlockReplicationPolicy for block replication policy
19/08/22 15:47:01 INFO BlockManagerMaster: Registering BlockManager BlockManagerId(driver, 127.0.0.1, 60033, None)
19/08/22 15:47:01 INFO BlockManagerMasterEndpoint: Registering block manager 127.0.0.1:60033 with 11.1 GB RAM, BlockManagerId(driver, 127.0.0.1, 60033, None)
19/08/22 15:47:01 INFO BlockManagerMaster: Registered BlockManager BlockManagerId(driver, 127.0.0.1, 60033, None)
19/08/22 15:47:01 INFO BlockManager: Initialized BlockManager: BlockManagerId(driver, 127.0.0.1, 60033, None)
19/08/22 15:47:01 INFO SharedState: Warehouse path is 'C:/Users/Dell/AppData/Local/spark/spark-2.1.0-bin-hadoop2.7/tmp/hive'.
19/08/22 15:47:01 INFO HiveUtils: Initializing HiveMetastoreConnection version 1.2.1 using Spark classes.
19/08/22 15:47:04 INFO HiveMetaStore: 0: Opening raw store with implemenation class:org.apache.hadoop.hive.metastore.ObjectStore
19/08/22 15:47:04 INFO ObjectStore: ObjectStore, initialize called
19/08/22 15:47:04 INFO Persistence: Property hive.metastore.integral.jdo.pushdown unknown - will be ignored
19/08/22 15:47:04 INFO Persistence: Property datanucleus.cache.level2 unknown - will be ignored
19/08/22 15:47:06 INFO ObjectStore: Setting MetaStore object pin classes with hive.metastore.cache.pinobjtypes="Table,StorageDescriptor,SerDeInfo,Partition,Database,Type,FieldSchema,Order"
19/08/22 15:47:07 INFO Datastore: The class "org.apache.hadoop.hive.metastore.model.MFieldSchema" is tagged as "embedded-only" so does not have its own datastore table.
19/08/22 15:47:07 INFO Datastore: The class "org.apache.hadoop.hive.metastore.model.MOrder" is tagged as "embedded-only" so does not have its own datastore table.
19/08/22 15:47:08 INFO Datastore: The class "org.apache.hadoop.hive.metastore.model.MFieldSchema" is tagged as "embedded-only" so does not have its own datastore table.
19/08/22 15:47:08 INFO Datastore: The class "org.apache.hadoop.hive.metastore.model.MOrder" is tagged as "embedded-only" so does not have its own datastore table.
19/08/22 15:47:08 INFO MetaStoreDirectSql: Using direct SQL, underlying DB is DERBY
19/08/22 15:47:08 INFO ObjectStore: Initialized ObjectStore
19/08/22 15:47:09 WARN ObjectStore: Version information not found in metastore. hive.metastore.schema.verification is not enabled so recording the schema version 1.2.0
19/08/22 15:47:09 WARN ObjectStore: Failed to get database default, returning NoSuchObjectException
19/08/22 15:47:09 INFO HiveMetaStore: Added admin role in metastore
19/08/22 15:47:09 INFO HiveMetaStore: Added public role in metastore
19/08/22 15:47:09 INFO HiveMetaStore: No user is added in admin role, since config is empty
19/08/22 15:47:10 INFO HiveMetaStore: 0: get_all_databases
19/08/22 15:47:10 INFO audit: ugi=Dell	ip=unknown-ip-addr	cmd=get_all_databases	
19/08/22 15:47:10 INFO HiveMetaStore: 0: get_functions: db=default pat=*
19/08/22 15:47:10 INFO audit: ugi=Dell	ip=unknown-ip-addr	cmd=get_functions: db=default pat=*	
19/08/22 15:47:10 INFO Datastore: The class "org.apache.hadoop.hive.metastore.model.MResourceUri" is tagged as "embedded-only" so does not have its own datastore table.
19/08/22 15:47:10 INFO SessionState: Created HDFS directory: C:/Users/Dell/AppData/Local/spark/spark-2.1.0-bin-hadoop2.7/tmp/hive/Dell
19/08/22 15:47:10 INFO SessionState: Created local directory: C:/Users/Dell/AppData/Local/Temp/c9805ddd-5bf9-45e3-893f-a96b6ec01503_resources
19/08/22 15:47:10 INFO SessionState: Created HDFS directory: C:/Users/Dell/AppData/Local/spark/spark-2.1.0-bin-hadoop2.7/tmp/hive/Dell/c9805ddd-5bf9-45e3-893f-a96b6ec01503
19/08/22 15:47:10 INFO SessionState: Created local directory: C:/Users/Dell/AppData/Local/spark/spark-2.1.0-bin-hadoop2.7/tmp/hive/c9805ddd-5bf9-45e3-893f-a96b6ec01503
19/08/22 15:47:10 INFO SessionState: Created HDFS directory: C:/Users/Dell/AppData/Local/spark/spark-2.1.0-bin-hadoop2.7/tmp/hive/Dell/c9805ddd-5bf9-45e3-893f-a96b6ec01503/_tmp_space.db
19/08/22 15:47:10 INFO HiveClientImpl: Warehouse location for Hive client (version 1.2.1) is C:/Users/Dell/AppData/Local/spark/spark-2.1.0-bin-hadoop2.7/tmp/hive
19/08/22 15:47:10 INFO HiveMetaStore: 0: get_database: default
19/08/22 15:47:10 INFO audit: ugi=Dell	ip=unknown-ip-addr	cmd=get_database: default	
19/08/22 15:47:10 INFO HiveMetaStore: 0: get_database: global_temp
19/08/22 15:47:10 INFO audit: ugi=Dell	ip=unknown-ip-addr	cmd=get_database: global_temp	
19/08/22 15:47:10 WARN ObjectStore: Failed to get database global_temp, returning NoSuchObjectException
19/08/22 15:47:11 INFO SparkSqlParser: Parsing command: SHOW TABLES
19/08/22 15:47:14 INFO HiveMetaStore: 0: get_database: default
19/08/22 15:47:14 INFO audit: ugi=Dell	ip=unknown-ip-addr	cmd=get_database: default	
19/08/22 15:47:14 INFO HiveMetaStore: 0: get_database: default
19/08/22 15:47:14 INFO audit: ugi=Dell	ip=unknown-ip-addr	cmd=get_database: default	
19/08/22 15:47:14 INFO HiveMetaStore: 0: get_tables: db=default pat=*
19/08/22 15:47:14 INFO audit: ugi=Dell	ip=unknown-ip-addr	cmd=get_tables: db=default pat=*	
19/08/22 15:47:14 INFO SparkSqlParser: Parsing command: SHOW TABLES
19/08/22 15:47:14 INFO HiveMetaStore: 0: get_database: default
19/08/22 15:47:14 INFO audit: ugi=Dell	ip=unknown-ip-addr	cmd=get_database: default	
19/08/22 15:47:14 INFO HiveMetaStore: 0: get_database: default
19/08/22 15:47:14 INFO audit: ugi=Dell	ip=unknown-ip-addr	cmd=get_database: default	
19/08/22 15:47:14 INFO HiveMetaStore: 0: get_tables: db=default pat=*
19/08/22 15:47:14 INFO audit: ugi=Dell	ip=unknown-ip-addr	cmd=get_tables: db=default pat=*	
19/08/22 16:23:04 INFO SparkSqlParser: Parsing command: SHOW TABLES
19/08/22 16:23:04 INFO HiveMetaStore: 0: get_database: default
19/08/22 16:23:04 INFO audit: ugi=Dell	ip=unknown-ip-addr	cmd=get_database: default	
19/08/22 16:23:04 INFO HiveMetaStore: 0: get_database: default
19/08/22 16:23:04 INFO audit: ugi=Dell	ip=unknown-ip-addr	cmd=get_database: default	
19/08/22 16:23:04 INFO HiveMetaStore: 0: get_tables: db=default pat=*
19/08/22 16:23:04 INFO audit: ugi=Dell	ip=unknown-ip-addr	cmd=get_tables: db=default pat=*	
19/08/22 16:23:05 INFO CodeGenerator: Code generated in 350.522846 ms
19/08/22 16:23:05 INFO SparkContext: Starting job: collect at utils.scala:44
19/08/22 16:23:05 INFO DAGScheduler: Got job 0 (collect at utils.scala:44) with 1 output partitions
19/08/22 16:23:05 INFO DAGScheduler: Final stage: ResultStage 0 (collect at utils.scala:44)
19/08/22 16:23:05 INFO DAGScheduler: Parents of final stage: List()
19/08/22 16:23:05 INFO DAGScheduler: Missing parents: List()
19/08/22 16:23:05 INFO DAGScheduler: Submitting ResultStage 0 (MapPartitionsRDD[7] at map at utils.scala:41), which has no missing parents
19/08/22 16:23:05 INFO MemoryStore: Block broadcast_0 stored as values in memory (estimated size 8.7 KB, free 11.1 GB)
19/08/22 16:23:06 INFO MemoryStore: Block broadcast_0_piece0 stored as bytes in memory (estimated size 4.6 KB, free 11.1 GB)
19/08/22 16:23:06 INFO BlockManagerInfo: Added broadcast_0_piece0 in memory on 127.0.0.1:60033 (size: 4.6 KB, free: 11.1 GB)
19/08/22 16:23:06 INFO SparkContext: Created broadcast 0 from broadcast at DAGScheduler.scala:996
19/08/22 16:23:06 INFO DAGScheduler: Submitting 1 missing tasks from ResultStage 0 (MapPartitionsRDD[7] at map at utils.scala:41)
19/08/22 16:23:06 INFO TaskSchedulerImpl: Adding task set 0.0 with 1 tasks
19/08/22 16:23:06 INFO TaskSetManager: Starting task 0.0 in stage 0.0 (TID 0, localhost, executor driver, partition 0, PROCESS_LOCAL, 6042 bytes)
19/08/22 16:23:06 INFO Executor: Running task 0.0 in stage 0.0 (TID 0)
19/08/22 16:23:06 INFO Executor: Fetching spark://127.0.0.1:60012/jars/sparklyr-2.0-2.11.jar with timestamp 1566469021056
19/08/22 16:23:06 INFO TransportClientFactory: Successfully created connection to /127.0.0.1:60012 after 23 ms (0 ms spent in bootstraps)
19/08/22 16:23:06 INFO Utils: Fetching spark://127.0.0.1:60012/jars/sparklyr-2.0-2.11.jar to C:\Users\Dell\AppData\Local\spark\spark-2.1.0-bin-hadoop2.7\tmp\local\spark-559f963d-ce67-49b2-8822-79b3b96ee138\userFiles-9be3704d-b200-40d6-8da5-1f0d1c4cb248\fetchFileTemp6292569049598131969.tmp
19/08/22 16:23:07 INFO Executor: Adding file:/C:/Users/Dell/AppData/Local/spark/spark-2.1.0-bin-hadoop2.7/tmp/local/spark-559f963d-ce67-49b2-8822-79b3b96ee138/userFiles-9be3704d-b200-40d6-8da5-1f0d1c4cb248/sparklyr-2.0-2.11.jar to class loader
19/08/22 16:23:07 INFO CodeGenerator: Code generated in 20.979646 ms
19/08/22 16:23:07 INFO CodeGenerator: Code generated in 19.079182 ms
19/08/22 16:23:07 INFO Executor: Finished task 0.0 in stage 0.0 (TID 0). 1231 bytes result sent to driver
19/08/22 16:23:07 INFO TaskSetManager: Finished task 0.0 in stage 0.0 (TID 0) in 1752 ms on localhost (executor driver) (1/1)
19/08/22 16:23:07 INFO TaskSchedulerImpl: Removed TaskSet 0.0, whose tasks have all completed, from pool 
19/08/22 16:23:07 INFO DAGScheduler: ResultStage 0 (collect at utils.scala:44) finished in 1.779 s
19/08/22 16:23:07 INFO DAGScheduler: Job 0 finished: collect at utils.scala:44, took 2.411919 s
19/08/22 16:23:27 INFO SparkSqlParser: Parsing command: SHOW TABLES
19/08/22 16:23:27 INFO HiveMetaStore: 0: get_database: default
19/08/22 16:23:27 INFO audit: ugi=Dell	ip=unknown-ip-addr	cmd=get_database: default	
19/08/22 16:23:27 INFO HiveMetaStore: 0: get_database: default
19/08/22 16:23:27 INFO audit: ugi=Dell	ip=unknown-ip-addr	cmd=get_database: default	
19/08/22 16:23:27 INFO HiveMetaStore: 0: get_tables: db=default pat=*
19/08/22 16:23:27 INFO audit: ugi=Dell	ip=unknown-ip-addr	cmd=get_tables: db=default pat=*	
19/08/22 16:23:34 INFO SparkSqlParser: Parsing command: SHOW TABLES
19/08/22 16:23:34 INFO HiveMetaStore: 0: get_database: default
19/08/22 16:23:34 INFO audit: ugi=Dell	ip=unknown-ip-addr	cmd=get_database: default	
19/08/22 16:23:34 INFO HiveMetaStore: 0: get_database: default
19/08/22 16:23:34 INFO audit: ugi=Dell	ip=unknown-ip-addr	cmd=get_database: default	
19/08/22 16:23:34 INFO HiveMetaStore: 0: get_tables: db=default pat=*
19/08/22 16:23:34 INFO audit: ugi=Dell	ip=unknown-ip-addr	cmd=get_tables: db=default pat=*	
19/08/22 16:23:34 INFO SparkContext: Starting job: collect at utils.scala:44
19/08/22 16:23:34 INFO DAGScheduler: Got job 1 (collect at utils.scala:44) with 1 output partitions
19/08/22 16:23:34 INFO DAGScheduler: Final stage: ResultStage 1 (collect at utils.scala:44)
19/08/22 16:23:34 INFO DAGScheduler: Parents of final stage: List()
19/08/22 16:23:34 INFO DAGScheduler: Missing parents: List()
19/08/22 16:23:34 INFO DAGScheduler: Submitting ResultStage 1 (MapPartitionsRDD[14] at map at utils.scala:41), which has no missing parents
19/08/22 16:23:34 INFO MemoryStore: Block broadcast_1 stored as values in memory (estimated size 8.7 KB, free 11.1 GB)
19/08/22 16:23:34 INFO MemoryStore: Block broadcast_1_piece0 stored as bytes in memory (estimated size 4.6 KB, free 11.1 GB)
19/08/22 16:23:34 INFO BlockManagerInfo: Added broadcast_1_piece0 in memory on 127.0.0.1:60033 (size: 4.6 KB, free: 11.1 GB)
19/08/22 16:23:34 INFO SparkContext: Created broadcast 1 from broadcast at DAGScheduler.scala:996
19/08/22 16:23:34 INFO DAGScheduler: Submitting 1 missing tasks from ResultStage 1 (MapPartitionsRDD[14] at map at utils.scala:41)
19/08/22 16:23:34 INFO TaskSchedulerImpl: Adding task set 1.0 with 1 tasks
19/08/22 16:23:34 INFO TaskSetManager: Starting task 0.0 in stage 1.0 (TID 1, localhost, executor driver, partition 0, PROCESS_LOCAL, 6042 bytes)
19/08/22 16:23:34 INFO Executor: Running task 0.0 in stage 1.0 (TID 1)
19/08/22 16:23:34 INFO Executor: Finished task 0.0 in stage 1.0 (TID 1). 1141 bytes result sent to driver
19/08/22 16:23:34 INFO DAGScheduler: ResultStage 1 (collect at utils.scala:44) finished in 0.016 s
19/08/22 16:23:34 INFO DAGScheduler: Job 1 finished: collect at utils.scala:44, took 0.027184 s
19/08/22 16:23:34 INFO TaskSetManager: Finished task 0.0 in stage 1.0 (TID 1) in 16 ms on localhost (executor driver) (1/1)
19/08/22 16:23:34 INFO TaskSchedulerImpl: Removed TaskSet 1.0, whose tasks have all completed, from pool 
19/08/22 16:29:31 INFO SparkSqlParser: Parsing command: SHOW TABLES
19/08/22 16:29:31 INFO HiveMetaStore: 0: get_database: default
19/08/22 16:29:31 INFO audit: ugi=Dell	ip=unknown-ip-addr	cmd=get_database: default	
19/08/22 16:29:31 INFO HiveMetaStore: 0: get_database: default
19/08/22 16:29:31 INFO audit: ugi=Dell	ip=unknown-ip-addr	cmd=get_database: default	
19/08/22 16:29:31 INFO HiveMetaStore: 0: get_tables: db=default pat=*
19/08/22 16:29:31 INFO audit: ugi=Dell	ip=unknown-ip-addr	cmd=get_tables: db=default pat=*	
19/08/22 16:29:31 INFO SparkContext: Starting job: collect at utils.scala:44
19/08/22 16:29:31 INFO DAGScheduler: Got job 2 (collect at utils.scala:44) with 1 output partitions
19/08/22 16:29:31 INFO DAGScheduler: Final stage: ResultStage 2 (collect at utils.scala:44)
19/08/22 16:29:31 INFO DAGScheduler: Parents of final stage: List()
19/08/22 16:29:31 INFO DAGScheduler: Missing parents: List()
19/08/22 16:29:31 INFO DAGScheduler: Submitting ResultStage 2 (MapPartitionsRDD[20] at map at utils.scala:41), which has no missing parents
19/08/22 16:29:31 INFO MemoryStore: Block broadcast_2 stored as values in memory (estimated size 8.7 KB, free 11.1 GB)
19/08/22 16:29:31 INFO MemoryStore: Block broadcast_2_piece0 stored as bytes in memory (estimated size 4.6 KB, free 11.1 GB)
19/08/22 16:29:31 INFO BlockManagerInfo: Added broadcast_2_piece0 in memory on 127.0.0.1:60033 (size: 4.6 KB, free: 11.1 GB)
19/08/22 16:29:31 INFO SparkContext: Created broadcast 2 from broadcast at DAGScheduler.scala:996
19/08/22 16:29:31 INFO DAGScheduler: Submitting 1 missing tasks from ResultStage 2 (MapPartitionsRDD[20] at map at utils.scala:41)
19/08/22 16:29:31 INFO TaskSchedulerImpl: Adding task set 2.0 with 1 tasks
19/08/22 16:29:31 INFO TaskSetManager: Starting task 0.0 in stage 2.0 (TID 2, localhost, executor driver, partition 0, PROCESS_LOCAL, 6042 bytes)
19/08/22 16:29:31 INFO Executor: Running task 0.0 in stage 2.0 (TID 2)
19/08/22 16:29:31 INFO Executor: Finished task 0.0 in stage 2.0 (TID 2). 1062 bytes result sent to driver
19/08/22 16:29:31 INFO TaskSetManager: Finished task 0.0 in stage 2.0 (TID 2) in 13 ms on localhost (executor driver) (1/1)
19/08/22 16:29:31 INFO TaskSchedulerImpl: Removed TaskSet 2.0, whose tasks have all completed, from pool 
19/08/22 16:29:31 INFO DAGScheduler: ResultStage 2 (collect at utils.scala:44) finished in 0.013 s
19/08/22 16:29:31 INFO DAGScheduler: Job 2 finished: collect at utils.scala:44, took 0.024858 s
19/08/22 16:33:50 INFO SparkSqlParser: Parsing command: SHOW TABLES
19/08/22 16:33:50 INFO HiveMetaStore: 0: get_database: default
19/08/22 16:33:50 INFO audit: ugi=Dell	ip=unknown-ip-addr	cmd=get_database: default	
19/08/22 16:33:50 INFO HiveMetaStore: 0: get_database: default
19/08/22 16:33:50 INFO audit: ugi=Dell	ip=unknown-ip-addr	cmd=get_database: default	
19/08/22 16:33:50 INFO HiveMetaStore: 0: get_tables: db=default pat=*
19/08/22 16:33:50 INFO audit: ugi=Dell	ip=unknown-ip-addr	cmd=get_tables: db=default pat=*	
19/08/22 16:33:50 INFO SparkContext: Starting job: collect at utils.scala:44
19/08/22 16:33:50 INFO DAGScheduler: Got job 3 (collect at utils.scala:44) with 1 output partitions
19/08/22 16:33:50 INFO DAGScheduler: Final stage: ResultStage 3 (collect at utils.scala:44)
19/08/22 16:33:50 INFO DAGScheduler: Parents of final stage: List()
19/08/22 16:33:50 INFO DAGScheduler: Missing parents: List()
19/08/22 16:33:50 INFO DAGScheduler: Submitting ResultStage 3 (MapPartitionsRDD[26] at map at utils.scala:41), which has no missing parents
19/08/22 16:33:50 INFO MemoryStore: Block broadcast_3 stored as values in memory (estimated size 8.7 KB, free 11.1 GB)
19/08/22 16:33:50 INFO MemoryStore: Block broadcast_3_piece0 stored as bytes in memory (estimated size 4.6 KB, free 11.1 GB)
19/08/22 16:33:50 INFO BlockManagerInfo: Added broadcast_3_piece0 in memory on 127.0.0.1:60033 (size: 4.6 KB, free: 11.1 GB)
19/08/22 16:33:50 INFO SparkContext: Created broadcast 3 from broadcast at DAGScheduler.scala:996
19/08/22 16:33:50 INFO DAGScheduler: Submitting 1 missing tasks from ResultStage 3 (MapPartitionsRDD[26] at map at utils.scala:41)
19/08/22 16:33:50 INFO TaskSchedulerImpl: Adding task set 3.0 with 1 tasks
19/08/22 16:33:50 INFO TaskSetManager: Starting task 0.0 in stage 3.0 (TID 3, localhost, executor driver, partition 0, PROCESS_LOCAL, 6042 bytes)
19/08/22 16:33:50 INFO Executor: Running task 0.0 in stage 3.0 (TID 3)
19/08/22 16:33:50 INFO Executor: Finished task 0.0 in stage 3.0 (TID 3). 1062 bytes result sent to driver
19/08/22 16:33:50 INFO TaskSetManager: Finished task 0.0 in stage 3.0 (TID 3) in 15 ms on localhost (executor driver) (1/1)
19/08/22 16:33:50 INFO TaskSchedulerImpl: Removed TaskSet 3.0, whose tasks have all completed, from pool 
19/08/22 16:33:50 INFO DAGScheduler: ResultStage 3 (collect at utils.scala:44) finished in 0.015 s
19/08/22 16:33:50 INFO DAGScheduler: Job 3 finished: collect at utils.scala:44, took 0.026204 s
